<?xml version="1.0" encoding="UTF-8"?>
<!-- Generated by org.testng.reporters.JUnitXMLReporter -->
<testsuite ignored="0" hostname="DESKTOP-TKNABN7" failures="0" tests="4" name="Test" time="43.298" errors="0" timestamp="07 Feb. 2020 15:49:56 GMT">
  <testcase classname="testScripts.TC_2_DataDrivenLogin" name="dataDrivenSearch" time="10.263"/>
  <testcase classname="testScripts.TC_1_LoginScenarios" name="successfullLogin" time="12.418"/>
  <testcase classname="testScripts.TC_2_DataDrivenLogin" name="dataDrivenSearch" time="3.579"/>
  <testcase classname="testScripts.TC_2_DataDrivenLogin" name="dataDrivenSearch" time="3.361"/>
</testsuite> <!-- Test -->
